<?xml version="1.0" encoding="utf-8"?><testsuites name="pytest tests"><testsuite name="pytest" errors="0" failures="0" skipped="0" tests="10" time="7.854" timestamp="2026-05-08T13:40:40.273969+00:00" hostname="agent-env-8d416cd2-598f-4785-9531-f41933d7d78b"><testcase classname="backend.tests.test_tutor_api" name="test_root" time="0.252" /><testcase classname="backend.tests.test_tutor_api" name="test_create_session" time="0.081" /><testcase classname="backend.tests.test_tutor_api" name="test_list_sessions_sorted" time="0.208" /><testcase classname="backend.tests.test_tutor_api" name="test_send_message_returns_3_sections" time="3.601" /><testcase classname="backend.tests.test_tutor_api" name="test_get_messages_history" time="0.082" /><testcase classname="backend.tests.test_tutor_api" name="test_multi_turn_context" time="2.752" /><testcase classname="backend.tests.test_tutor_api" name="test_empty_message_400" time="0.074" /><testcase classname="backend.tests.test_tutor_api" name="test_missing_session_404" time="0.077" /><testcase classname="backend.tests.test_tutor_api" name="test_delete_session" time="0.216" /><testcase classname="backend.tests.test_tutor_api" name="test_cleanup" time="0.147" /></testsuite></testsuites>