<?xml version="1.0" encoding="utf-8"?><testsuites name="pytest tests"><testsuite name="pytest" errors="0" failures="0" skipped="0" tests="15" time="7.346" timestamp="2026-05-28T02:08:22.345591+00:00" hostname="agent-env-8d416cd2-598f-4785-9531-f41933d7d78b"><testcase classname="tests.test_syvren_auth.TestAuth" name="test_me_without_token_401" time="0.129" /><testcase classname="tests.test_syvren_auth.TestAuth" name="test_me_with_bearer" time="0.115" /><testcase classname="tests.test_syvren_auth.TestAuth" name="test_me_invalid_token_401" time="0.113" /><testcase classname="tests.test_syvren_auth.TestAuth" name="test_google_session_invalid_id_returns_401_or_502" time="0.221" /><testcase classname="tests.test_syvren_auth.TestChatSessions" name="test_list_without_token_401" time="0.110" /><testcase classname="tests.test_syvren_auth.TestChatSessions" name="test_create_and_list" time="0.272" /><testcase classname="tests.test_syvren_auth.TestChatSessions" name="test_other_user_cannot_see_demo_sessions" time="0.247" /><testcase classname="tests.test_syvren_auth.TestChatSessions" name="test_get_messages_on_other_users_session_404" time="0.237" /><testcase classname="tests.test_syvren_auth.TestChatSessions" name="test_delete_only_owner" time="0.570" /><testcase classname="tests.test_syvren_auth.TestSendMessage" name="test_requires_auth" time="0.115" /><testcase classname="tests.test_syvren_auth.TestSendMessage" name="test_send_message_authenticated" time="2.100" /><testcase classname="tests.test_syvren_auth.TestStreaming" name="test_stream_requires_auth" time="0.114" /><testcase classname="tests.test_syvren_auth.TestStreaming" name="test_stream_emits_user_chunks_done" time="2.487" /><testcase classname="tests.test_syvren_auth.TestIndexes" name="test_mongo_indexes_present" time="0.001" /><testcase classname="tests.test_syvren_auth.TestLogout" name="test_logout_clears_session" time="0.371" /></testsuite></testsuites>